{"C:\\Luis Fernando\\PROGRAMAÇÃO\\NodeTestesUnitInt\\index.js": {"path":"C:\\Luis Fernando\\PROGRAMAÇÃO\\NodeTestesUnitInt\\index.js","statementMap":{"0":{"start":{"line":1,"column":24},"end":{"line":1,"column":79}},"1":{"start":{"line":1,"column":54},"end":{"line":1,"column":79}},"2":{"start":{"line":3,"column":25},"end":{"line":3,"column":66}},"3":{"start":{"line":3,"column":48},"end":{"line":3,"column":66}}},"fnMap":{"0":{"name":"(anonymous_0)","decl":{"start":{"line":1,"column":24},"end":{"line":1,"column":25}},"loc":{"start":{"line":1,"column":54},"end":{"line":1,"column":79}},"line":1},"1":{"name":"(anonymous_1)","decl":{"start":{"line":3,"column":25},"end":{"line":3,"column":26}},"loc":{"start":{"line":3,"column":48},"end":{"line":3,"column":66}},"line":3}},"branchMap":{},"s":{"0":1,"1":1,"2":1,"3":1},"f":{"0":1,"1":1},"b":{},"_coverageSchema":"1a1c01bbd47fc00a2c39e90264f33305004495a9","hash":"36d7eef3907c8ddf1b08e0c35c09966c7efef221"}
}
